Determining if the pthread_create exist failed with the following output:
Change Dir: /home/zampieri/Raphael/Tree_Explorer/cmake-build-debug/CMakeFiles/CMakeTmp

Run Build Command:"/usr/bin/make" "cmTC_17a3f/fast"
/usr/bin/make -f CMakeFiles/cmTC_17a3f.dir/build.make CMakeFiles/cmTC_17a3f.dir/build
make[1] : on entre dans le répertoire « /home/zampieri/Raphael/Tree_Explorer/cmake-build-debug/CMakeFiles/CMakeTmp »
Building C object CMakeFiles/cmTC_17a3f.dir/CheckSymbolExists.c.o
/usr/bin/cc    -o CMakeFiles/cmTC_17a3f.dir/CheckSymbolExists.c.o   -c /home/zampieri/Raphael/Tree_Explorer/cmake-build-debug/CMakeFiles/CMakeTmp/CheckSymbolExists.c
Linking C executable cmTC_17a3f
/home/zampieri/.local/share/JetBrains/Toolbox/apps/CLion/ch-0/181.4668.70/bin/cmake/bin/cmake -E cmake_link_script CMakeFiles/cmTC_17a3f.dir/link.txt --verbose=1
/usr/bin/cc      -rdynamic CMakeFiles/cmTC_17a3f.dir/CheckSymbolExists.c.o  -o cmTC_17a3f 
CMakeFiles/cmTC_17a3f.dir/CheckSymbolExists.c.o : Dans la fonction « main » :
CheckSymbolExists.c:(.text+0x16) : référence indéfinie vers « pthread_create »
collect2: error: ld returned 1 exit status
CMakeFiles/cmTC_17a3f.dir/build.make:97 : la recette pour la cible « cmTC_17a3f » a échouée
make[1]: *** [cmTC_17a3f] Erreur 1
make[1] : on quitte le répertoire « /home/zampieri/Raphael/Tree_Explorer/cmake-build-debug/CMakeFiles/CMakeTmp »
Makefile:126 : la recette pour la cible « cmTC_17a3f/fast » a échouée
make: *** [cmTC_17a3f/fast] Erreur 2

File /home/zampieri/Raphael/Tree_Explorer/cmake-build-debug/CMakeFiles/CMakeTmp/CheckSymbolExists.c:
/* */
#include <pthread.h>

int main(int argc, char** argv)
{
  (void)argv;
#ifndef pthread_create
  return ((int*)(&pthread_create))[argc];
#else
  (void)argc;
  return 0;
#endif
}

